#
# A fatal error has been detected by the Java Runtime Environment:
#
#  EXCEPTION_ACCESS_VIOLATION (0xc0000005) at pc=0x00007ffa33023543, pid=5872, tid=2556
#
# JRE version: Java(TM) SE Runtime Environment (13.0.1+9) (build 13.0.1+9)
# Java VM: Java HotSpot(TM) 64-Bit Server VM (13.0.1+9, mixed mode, tiered, compressed oops, g1 gc, windows-amd64)
# Problematic frame:
# V  [jvm.dll+0x1a3543]
#
# No core dump will be written. Minidumps are not enabled by default on client versions of Windows
#
# If you would like to submit a bug report, please visit:
#   http://bugreport.java.com/bugreport/crash.jsp
#

---------------  S U M M A R Y ------------

Command Line: -Djdk.module.main=schach schach/schach.Main --no-gui

Host: Intel(R) Core(TM) i5-2500K CPU @ 3.30GHz, 4 cores, 7G,  Windows 10 , 64 bit Build 18362 (10.0.18362.778)
Time: Tue May 26 03:25:46 2020 W. Europe Daylight Time elapsed time: 2 seconds (0d 0h 0m 2s)

---------------  T H R E A D  ---------------

Current thread (0x0000018bd1367800):  JavaThread "C2 CompilerThread1" daemon [_thread_in_native, id=2556, stack(0x000000871ac00000,0x000000871ad00000)]


Current CompileTask:
C2:   2302  991 %     4       game.Board::initializeBoard @ 10 (635 bytes)

Stack: [0x000000871ac00000,0x000000871ad00000],  sp=0x000000871acfbcb0,  free space=1007k
Native frames: (J=compiled Java code, j=interpreted, Vv=VM code, C=native code)
V  [jvm.dll+0x1a3543]
V  [jvm.dll+0x1a0e1a]
V  [jvm.dll+0x2079d6]
V  [jvm.dll+0x206adf]
V  [jvm.dll+0x18b94c]
V  [jvm.dll+0x2159bd]
V  [jvm.dll+0x213e6b]
V  [jvm.dll+0x738b16]
V  [jvm.dll+0x731c0a]
V  [jvm.dll+0x6260c6]
C  [ucrtbase.dll+0x20e82]
C  [KERNEL32.DLL+0x17bd4]
C  [ntdll.dll+0x6ce51]


siginfo: EXCEPTION_ACCESS_VIOLATION (0xc0000005), reading address 0x0000018b1f0ae290


Register to memory mapping:

RIP=0x00007ffa33023543 jvm.dll
RAX=0x0000018bd4ac5690 points into unknown readable memory: 00 00 00 00 00 00 00 00
RBX=0x0000000000000002 is an unknown value
RCX=0x0000018bd1292db0 points into unknown readable memory: 60 bc 2c d3 8b 01 00 00
RDX=0xffffffffd297a300 is an unknown value
RSP=0x000000871acfbcb0 is pointing into the stack for thread: 0x0000018bd1367800
RBP=0x0000018bd347fbc0 points into unknown readable memory: e0 2a 6c 33 fa 7f 00 00
RSI=0x000000871acfc1b0 is pointing into the stack for thread: 0x0000018bd1367800
RDI=0x0000018bd64471b8 points into unknown readable memory: 00 00 00 00 00 00 00 00
R8 =
[error occurred during error reporting (printing register info), id 0xc0000005, EXCEPTION_ACCESS_VIOLATION (0xc0000005) at pc=0x00007ffa3316874f]

Registers:
RAX=0x0000018bd4ac5690, RBX=0x0000000000000002, RCX=0x0000018bd1292db0, RDX=0xffffffffd297a300
RSP=0x000000871acfbcb0, RBP=0x0000018bd347fbc0, RSI=0x000000871acfc1b0, RDI=0x0000018bd64471b8
R8 =0x00000000ffffffff, R9 =0x0000000000000001, R10=0x0000000000000072, R11=0x0000018bd32cc080
R12=0x00000000000004a4, R13=0x0000000000002520, R14=0x0000018bd3aa8d68, R15=0x0000018bd32cbea0
RIP=0x00007ffa33023543, EFLAGS=0x0000000000010293

Top of Stack: (sp=0x000000871acfbcb0)
0x000000871acfbcb0:   0000000000000002 0000000000000000
0x000000871acfbcc0:   000000871acfc1b0 0000018bd3454cb0
0x000000871acfbcd0:   000007370000004d 00007ffa000004f9
0x000000871acfbce0:   0000018bd347fbc0 0000000000000540
0x000000871acfbcf0:   0000000000000000 0000000000000000
0x000000871acfbd00:   000000871acfbe10 0000018bd0fc94e0
0x000000871acfbd10:   0000018bd0fc94f0 00000000000003d8
0x000000871acfbd20:   0000018bd0fc98c8 000000871acfbe50
0x000000871acfbd30:   0000000000000000 000000871acfc290
0x000000871acfbd40:   000000871acfc1b0 00007ffa33020e1a
0x000000871acfbd50:   000000871acfc1b0 000000871acfbe01
0x000000871acfbd60:   000000871acfc201 00000000ffffffff
0x000000871acfbd70:   0000000040000000 0000000000000008
0x000000871acfbd80:   0000008700000006 0000018bd0fc94e0
0x000000871acfbd90:   0000018bd8baf9c0 0000018bd8bb2910
0x000000871acfbda0:   0000018bd8bb79a8 00000000044fe6b8 

Instructions: (pc=0x00007ffa33023543)
0x00007ffa33023443:   6a c7 83 9c 00 00 00 04 00 01 00 48 8b e8 eb 5b
0x00007ffa33023453:   c7 83 9c 00 00 00 08 00 01 00 48 8b e8 eb 4c c7
0x00007ffa33023463:   83 9c 00 00 00 10 00 01 00 48 8b e8 eb 3d 48 8b
0x00007ffa33023473:   cd e8 b7 b2 4d 00 81 8b a0 00 00 00 20 01 00 00
0x00007ffa33023483:   66 89 83 9c 00 00 00 66 89 83 9e 00 00 00 eb 16
0x00007ffa33023493:   ba b9 03 00 00 48 8d 0d 61 41 6b 00 e8 7c a4 0a
0x00007ffa330234a3:   00 e8 77 35 48 00 48 8b 6c 24 30 48 8b b4 24 a0
0x00007ffa330234b3:   00 00 00 44 0f b6 8c 24 a8 00 00 00 41 b8 ff ff
0x00007ffa330234c3:   ff ff 41 8b 5e 18 89 5c 24 28 44 89 84 24 b8 00
0x00007ffa330234d3:   00 00 45 84 c9 74 38 49 8b 06 49 8b ce ff 90 b0
0x00007ffa330234e3:   00 00 00 89 84 24 b8 00 00 00 44 8b c0 83 f8 ff
0x00007ffa330234f3:   74 14 8b d0 49 8b ce e8 a1 65 3b 00 44 8b c0 89
0x00007ffa33023503:   84 24 b8 00 00 00 44 0f b6 8c 24 a8 00 00 00 44
0x00007ffa33023513:   3b e3 0f 83 13 02 00 00 41 8b c4 4c 8d 2c c5 00
0x00007ffa33023523:   00 00 00 66 66 0f 1f 84 00 00 00 00 00 49 8b 46
0x00007ffa33023533:   08 4a 8b 0c 28 48 8b 86 20 01 00 00 48 63 51 28
0x00007ffa33023543:   8b 1c 90 85 db 0f 84 b7 01 00 00 45 84 c9 74 11
0x00007ffa33023553:   45 3b c4 75 0c 49 8b 06 49 8b ce ff 90 d8 00 00
0x00007ffa33023563:   00 80 bc 24 b0 00 00 00 00 74 13 80 be 28 01 00
0x00007ffa33023573:   00 00 74 0a 45 3b 66 30 0f 83 84 01 00 00 48 8b
0x00007ffa33023583:   46 70 41 8b d4 48 69 fb a8 00 00 00 49 8b ce 48
0x00007ffa33023593:   03 78 20 49 8b 06 ff 90 80 00 00 00 80 bc 24 a8
0x00007ffa330235a3:   00 00 00 00 4c 8b f8 75 2c 49 8b 4e 08 f2 0f 10
0x00007ffa330235b3:   4d 08 f2 0f 59 ce 4a 8b 14 29 48 8b 4e 48 44 8b
0x00007ffa330235c3:   42 28 48 8b 51 78 4a 8b 0c c2 f2 0f 10 41 08 66
0x00007ffa330235d3:   0f 2f c1 77 5c 4c 8d 47 38 49 63 50 58 41 8b 40
0x00007ffa330235e3:   5c 3b d0 7f 30 4d 8b cf 49 8d 0c 90 4d 2b c8 0f
0x00007ffa330235f3:   1f 40 00 66 66 0f 1f 84 00 00 00 00 00 42 8b 04
0x00007ffa33023603:   09 ff c2 21 01 48 8d 49 04 41 8b 40 5c 3b d0 7e
0x00007ffa33023613:   ec 41 8b 50 58 41 8b 4f 58 3b d1 7d 08 41 8b 40
0x00007ffa33023623:   5c 41 89 48 58 41 8b 4f 5c 3b c1 7e 04 41 89 48
0x00007ffa33023633:   5c 49 8b 46 08 4a 8b 0c 28 48 8b 01 ff 50 68 8b 


Stack slot to memory mapping:
stack at sp + 0 slots: 0x0000000000000002 is an unknown value
stack at sp + 1 slots: 0x0 is NULL
stack at sp + 2 slots: 0x000000871acfc1b0 is pointing into the stack for thread: 0x0000018bd1367800
stack at sp + 3 slots: 0x0000018bd3454cb0 points into unknown readable memory: e0 2a 6c 33 fa 7f 00 00
stack at sp + 4 slots: 0x000007370000004d is an unknown value
stack at sp + 5 slots: 0x00007ffa000004f9 is an unknown value
stack at sp + 6 slots: 0x0000018bd347fbc0 points into unknown readable memory: e0 2a 6c 33 fa 7f 00 00
stack at sp + 7 slots: 0x0000000000000540 is an unknown value


---------------  P R O C E S S  ---------------

Threads class SMR info:
_java_thread_list=0x0000018bd115e460, length=11, elements={
0x0000018bb8a94800, 0x0000018bd077f000, 0x0000018bd0784000, 0x0000018bd078d000,
0x0000018bd0fc8800, 0x0000018bd0fce000, 0x0000018bd0fd3000, 0x0000018bd0fd4000,
0x0000018bd1124000, 0x0000018bd1142000, 0x0000018bd1367800
}

Java Threads: ( => current thread )
  0x0000018bb8a94800 JavaThread "main" [_thread_in_native, id=3952, stack(0x0000008719b00000,0x0000008719c00000)]
  0x0000018bd077f000 JavaThread "Reference Handler" daemon [_thread_blocked, id=14956, stack(0x000000871a200000,0x000000871a300000)]
  0x0000018bd0784000 JavaThread "Finalizer" daemon [_thread_blocked, id=9424, stack(0x000000871a300000,0x000000871a400000)]
  0x0000018bd078d000 JavaThread "Signal Dispatcher" daemon [_thread_blocked, id=15048, stack(0x000000871a400000,0x000000871a500000)]
  0x0000018bd0fc8800 JavaThread "Attach Listener" daemon [_thread_blocked, id=15172, stack(0x000000871a500000,0x000000871a600000)]
  0x0000018bd0fce000 JavaThread "C2 CompilerThread0" daemon [_thread_blocked, id=2180, stack(0x000000871a600000,0x000000871a700000)]
  0x0000018bd0fd3000 JavaThread "C1 CompilerThread0" daemon [_thread_blocked, id=4316, stack(0x000000871a700000,0x000000871a800000)]
  0x0000018bd0fd4000 JavaThread "Sweeper thread" daemon [_thread_blocked, id=14412, stack(0x000000871a800000,0x000000871a900000)]
  0x0000018bd1124000 JavaThread "Service Thread" daemon [_thread_blocked, id=10436, stack(0x000000871a900000,0x000000871aa00000)]
  0x0000018bd1142000 JavaThread "Common-Cleaner" daemon [_thread_blocked, id=15356, stack(0x000000871ab00000,0x000000871ac00000)]
=>0x0000018bd1367800 JavaThread "C2 CompilerThread1" daemon [_thread_in_native, id=2556, stack(0x000000871ac00000,0x000000871ad00000)]

Other Threads:
  0x0000018bd0770800 VMThread "VM Thread" [stack: 0x000000871a100000,0x000000871a200000] [id=15292]
  0x0000018bd1129800 WatcherThread [stack: 0x000000871aa00000,0x000000871ab00000] [id=1488]
  0x0000018bb8ad7000 GCTaskThread "GC Thread#0" [stack: 0x0000008719c00000,0x0000008719d00000] [id=4972]
  0x0000018bd1697800 GCTaskThread "GC Thread#1" [stack: 0x000000871ad00000,0x000000871ae00000] [id=11716]
  0x0000018bd16f3800 GCTaskThread "GC Thread#2" [stack: 0x000000871ae00000,0x000000871af00000] [id=13748]
  0x0000018bb8aea800 ConcurrentGCThread "G1 Main Marker" [stack: 0x0000008719d00000,0x0000008719e00000] [id=12120]
  0x0000018bb8aec000 ConcurrentGCThread "G1 Conc#0" [stack: 0x0000008719e00000,0x0000008719f00000] [id=12804]
  0x0000018bd05b1800 ConcurrentGCThread "G1 Refine#0" [stack: 0x0000008719f00000,0x000000871a000000] [id=7700]
  0x0000018bb8b5d000 ConcurrentGCThread "G1 Young RemSet Sampling" [stack: 0x000000871a000000,0x000000871a100000] [id=6584]

Threads with active compile tasks:
C2 CompilerThread1     2316  991 %     4       game.Board::initializeBoard @ 10 (635 bytes)

VM state:not at safepoint (normal execution)

VM Mutex/Monitor currently owned by a thread: None

Heap address: 0x0000000080c00000, size: 2036 MB, Compressed Oops mode: 32-bit
Narrow klass base: 0x0000000000000000, Narrow klass shift: 3
Compressed class space size: 1073741824 Address: 0x0000000100000000

Heap:
 garbage-first heap   total 131072K, used 50308K [0x0000000080c00000, 0x0000000100000000)
  region size 1024K, 51 young (52224K), 2 survivors (2048K)
 Metaspace       used 6857K, capacity 7251K, committed 7552K, reserved 1056768K
  class space    used 660K, capacity 797K, committed 896K, reserved 1048576K
Heap Regions: E=young(eden), S=young(survivor), O=old, HS=humongous(starts), HC=humongous(continues), CS=collection set, F=free, A=archive, TAMS=top-at-mark-start (previous, next)
|   0|0x0000000080c00000, 0x0000000080c00000, 0x0000000080d00000|  0%| F|  |TAMS 0x0000000080c00000, 0x0000000080c00000| Untracked 
|   1|0x0000000080d00000, 0x0000000080d00000, 0x0000000080e00000|  0%| F|  |TAMS 0x0000000080d00000, 0x0000000080d00000| Untracked 
|   2|0x0000000080e00000, 0x0000000080e00000, 0x0000000080f00000|  0%| F|  |TAMS 0x0000000080e00000, 0x0000000080e00000| Untracked 
|   3|0x0000000080f00000, 0x0000000080f00000, 0x0000000081000000|  0%| F|  |TAMS 0x0000000080f00000, 0x0000000080f00000| Untracked 
|   4|0x0000000081000000, 0x0000000081000000, 0x0000000081100000|  0%| F|  |TAMS 0x0000000081000000, 0x0000000081000000| Untracked 
|   5|0x0000000081100000, 0x0000000081100000, 0x0000000081200000|  0%| F|  |TAMS 0x0000000081100000, 0x0000000081100000| Untracked 
|   6|0x0000000081200000, 0x0000000081200000, 0x0000000081300000|  0%| F|  |TAMS 0x0000000081200000, 0x0000000081200000| Untracked 
|   7|0x0000000081300000, 0x0000000081300000, 0x0000000081400000|  0%| F|  |TAMS 0x0000000081300000, 0x0000000081300000| Untracked 
|   8|0x0000000081400000, 0x0000000081400000, 0x0000000081500000|  0%| F|  |TAMS 0x0000000081400000, 0x0000000081400000| Untracked 
|   9|0x0000000081500000, 0x0000000081500000, 0x0000000081600000|  0%| F|  |TAMS 0x0000000081500000, 0x0000000081500000| Untracked 
|  10|0x0000000081600000, 0x0000000081600000, 0x0000000081700000|  0%| F|  |TAMS 0x0000000081600000, 0x0000000081600000| Untracked 
|  11|0x0000000081700000, 0x0000000081700000, 0x0000000081800000|  0%| F|  |TAMS 0x0000000081700000, 0x0000000081700000| Untracked 
|  12|0x0000000081800000, 0x0000000081800000, 0x0000000081900000|  0%| F|  |TAMS 0x0000000081800000, 0x0000000081800000| Untracked 
|  13|0x0000000081900000, 0x0000000081900000, 0x0000000081a00000|  0%| F|  |TAMS 0x0000000081900000, 0x0000000081900000| Untracked 
|  14|0x0000000081a00000, 0x0000000081a00000, 0x0000000081b00000|  0%| F|  |TAMS 0x0000000081a00000, 0x0000000081a00000| Untracked 
|  15|0x0000000081b00000, 0x0000000081b00000, 0x0000000081c00000|  0%| F|  |TAMS 0x0000000081b00000, 0x0000000081b00000| Untracked 
|  16|0x0000000081c00000, 0x0000000081c00000, 0x0000000081d00000|  0%| F|  |TAMS 0x0000000081c00000, 0x0000000081c00000| Untracked 
|  17|0x0000000081d00000, 0x0000000081d00000, 0x0000000081e00000|  0%| F|  |TAMS 0x0000000081d00000, 0x0000000081d00000| Untracked 
|  18|0x0000000081e00000, 0x0000000081e00000, 0x0000000081f00000|  0%| F|  |TAMS 0x0000000081e00000, 0x0000000081e00000| Untracked 
|  19|0x0000000081f00000, 0x0000000081f00000, 0x0000000082000000|  0%| F|  |TAMS 0x0000000081f00000, 0x0000000081f00000| Untracked 
|  20|0x0000000082000000, 0x0000000082000000, 0x0000000082100000|  0%| F|  |TAMS 0x0000000082000000, 0x0000000082000000| Untracked 
|  21|0x0000000082100000, 0x0000000082100000, 0x0000000082200000|  0%| F|  |TAMS 0x0000000082100000, 0x0000000082100000| Untracked 
|  22|0x0000000082200000, 0x0000000082200000, 0x0000000082300000|  0%| F|  |TAMS 0x0000000082200000, 0x0000000082200000| Untracked 
|  23|0x0000000082300000, 0x0000000082300000, 0x0000000082400000|  0%| F|  |TAMS 0x0000000082300000, 0x0000000082300000| Untracked 
|  24|0x0000000082400000, 0x0000000082400000, 0x0000000082500000|  0%| F|  |TAMS 0x0000000082400000, 0x0000000082400000| Untracked 
|  25|0x0000000082500000, 0x0000000082500000, 0x0000000082600000|  0%| F|  |TAMS 0x0000000082500000, 0x0000000082500000| Untracked 
|  26|0x0000000082600000, 0x0000000082600000, 0x0000000082700000|  0%| F|  |TAMS 0x0000000082600000, 0x0000000082600000| Untracked 
|  27|0x0000000082700000, 0x0000000082700000, 0x0000000082800000|  0%| F|  |TAMS 0x0000000082700000, 0x0000000082700000| Untracked 
|  28|0x0000000082800000, 0x0000000082800000, 0x0000000082900000|  0%| F|  |TAMS 0x0000000082800000, 0x0000000082800000| Untracked 
|  29|0x0000000082900000, 0x0000000082900000, 0x0000000082a00000|  0%| F|  |TAMS 0x0000000082900000, 0x0000000082900000| Untracked 
|  30|0x0000000082a00000, 0x0000000082a00000, 0x0000000082b00000|  0%| F|  |TAMS 0x0000000082a00000, 0x0000000082a00000| Untracked 
|  31|0x0000000082b00000, 0x0000000082b00000, 0x0000000082c00000|  0%| F|  |TAMS 0x0000000082b00000, 0x0000000082b00000| Untracked 
|  32|0x0000000082c00000, 0x0000000082c00000, 0x0000000082d00000|  0%| F|  |TAMS 0x0000000082c00000, 0x0000000082c00000| Untracked 
|  33|0x0000000082d00000, 0x0000000082d00000, 0x0000000082e00000|  0%| F|  |TAMS 0x0000000082d00000, 0x0000000082d00000| Untracked 
|  34|0x0000000082e00000, 0x0000000082e00000, 0x0000000082f00000|  0%| F|  |TAMS 0x0000000082e00000, 0x0000000082e00000| Untracked 
|  35|0x0000000082f00000, 0x0000000082f00000, 0x0000000083000000|  0%| F|  |TAMS 0x0000000082f00000, 0x0000000082f00000| Untracked 
|  36|0x0000000083000000, 0x0000000083000000, 0x0000000083100000|  0%| F|  |TAMS 0x0000000083000000, 0x0000000083000000| Untracked 
|  37|0x0000000083100000, 0x0000000083100000, 0x0000000083200000|  0%| F|  |TAMS 0x0000000083100000, 0x0000000083100000| Untracked 
|  38|0x0000000083200000, 0x0000000083200000, 0x0000000083300000|  0%| F|  |TAMS 0x0000000083200000, 0x0000000083200000| Untracked 
|  39|0x0000000083300000, 0x0000000083300000, 0x0000000083400000|  0%| F|  |TAMS 0x0000000083300000, 0x0000000083300000| Untracked 
|  40|0x0000000083400000, 0x0000000083400000, 0x0000000083500000|  0%| F|  |TAMS 0x0000000083400000, 0x0000000083400000| Untracked 
|  41|0x0000000083500000, 0x0000000083500000, 0x0000000083600000|  0%| F|  |TAMS 0x0000000083500000, 0x0000000083500000| Untracked 
|  42|0x0000000083600000, 0x0000000083600000, 0x0000000083700000|  0%| F|  |TAMS 0x0000000083600000, 0x0000000083600000| Untracked 
|  43|0x0000000083700000, 0x0000000083700000, 0x0000000083800000|  0%| F|  |TAMS 0x0000000083700000, 0x0000000083700000| Untracked 
|  44|0x0000000083800000, 0x0000000083800000, 0x0000000083900000|  0%| F|  |TAMS 0x0000000083800000, 0x0000000083800000| Untracked 
|  45|0x0000000083900000, 0x0000000083900000, 0x0000000083a00000|  0%| F|  |TAMS 0x0000000083900000, 0x0000000083900000| Untracked 
|  46|0x0000000083a00000, 0x0000000083a00000, 0x0000000083b00000|  0%| F|  |TAMS 0x0000000083a00000, 0x0000000083a00000| Untracked 
|  47|0x0000000083b00000, 0x0000000083b00000, 0x0000000083c00000|  0%| F|  |TAMS 0x0000000083b00000, 0x0000000083b00000| Untracked 
|  48|0x0000000083c00000, 0x0000000083c00000, 0x0000000083d00000|  0%| F|  |TAMS 0x0000000083c00000, 0x0000000083c00000| Untracked 
|  49|0x0000000083d00000, 0x0000000083d00000, 0x0000000083e00000|  0%| F|  |TAMS 0x0000000083d00000, 0x0000000083d00000| Untracked 
|  50|0x0000000083e00000, 0x0000000083e00000, 0x0000000083f00000|  0%| F|  |TAMS 0x0000000083e00000, 0x0000000083e00000| Untracked 
|  51|0x0000000083f00000, 0x0000000083f00000, 0x0000000084000000|  0%| F|  |TAMS 0x0000000083f00000, 0x0000000083f00000| Untracked 
|  52|0x0000000084000000, 0x0000000084000000, 0x0000000084100000|  0%| F|  |TAMS 0x0000000084000000, 0x0000000084000000| Untracked 
|  53|0x0000000084100000, 0x0000000084100000, 0x0000000084200000|  0%| F|  |TAMS 0x0000000084100000, 0x0000000084100000| Untracked 
|  54|0x0000000084200000, 0x0000000084200000, 0x0000000084300000|  0%| F|  |TAMS 0x0000000084200000, 0x0000000084200000| Untracked 
|  55|0x0000000084300000, 0x0000000084300000, 0x0000000084400000|  0%| F|  |TAMS 0x0000000084300000, 0x0000000084300000| Untracked 
|  56|0x0000000084400000, 0x0000000084400000, 0x0000000084500000|  0%| F|  |TAMS 0x0000000084400000, 0x0000000084400000| Untracked 
|  57|0x0000000084500000, 0x0000000084500000, 0x0000000084600000|  0%| F|  |TAMS 0x0000000084500000, 0x0000000084500000| Untracked 
|  58|0x0000000084600000, 0x0000000084600000, 0x0000000084700000|  0%| F|  |TAMS 0x0000000084600000, 0x0000000084600000| Untracked 
|  59|0x0000000084700000, 0x0000000084700000, 0x0000000084800000|  0%| F|  |TAMS 0x0000000084700000, 0x0000000084700000| Untracked 
|  60|0x0000000084800000, 0x0000000084800000, 0x0000000084900000|  0%| F|  |TAMS 0x0000000084800000, 0x0000000084800000| Untracked 
|  61|0x0000000084900000, 0x0000000084900000, 0x0000000084a00000|  0%| F|  |TAMS 0x0000000084900000, 0x0000000084900000| Untracked 
|  62|0x0000000084a00000, 0x0000000084a00000, 0x0000000084b00000|  0%| F|  |TAMS 0x0000000084a00000, 0x0000000084a00000| Untracked 
|  63|0x0000000084b00000, 0x0000000084b00000, 0x0000000084c00000|  0%| F|  |TAMS 0x0000000084b00000, 0x0000000084b00000| Untracked 
|  64|0x0000000084c00000, 0x0000000084c00000, 0x0000000084d00000|  0%| F|  |TAMS 0x0000000084c00000, 0x0000000084c00000| Untracked 
|  65|0x0000000084d00000, 0x0000000084d00000, 0x0000000084e00000|  0%| F|  |TAMS 0x0000000084d00000, 0x0000000084d00000| Untracked 
|  66|0x0000000084e00000, 0x0000000084e00000, 0x0000000084f00000|  0%| F|  |TAMS 0x0000000084e00000, 0x0000000084e00000| Untracked 
|  67|0x0000000084f00000, 0x0000000084f00000, 0x0000000085000000|  0%| F|  |TAMS 0x0000000084f00000, 0x0000000084f00000| Untracked 
|  68|0x0000000085000000, 0x0000000085000000, 0x0000000085100000|  0%| F|  |TAMS 0x0000000085000000, 0x0000000085000000| Untracked 
|  69|0x0000000085100000, 0x0000000085100000, 0x0000000085200000|  0%| F|  |TAMS 0x0000000085100000, 0x0000000085100000| Untracked 
|  70|0x0000000085200000, 0x0000000085200000, 0x0000000085300000|  0%| F|  |TAMS 0x0000000085200000, 0x0000000085200000| Untracked 
|  71|0x0000000085300000, 0x0000000085300000, 0x0000000085400000|  0%| F|  |TAMS 0x0000000085300000, 0x0000000085300000| Untracked 
|  72|0x0000000085400000, 0x0000000085400000, 0x0000000085500000|  0%| F|  |TAMS 0x0000000085400000, 0x0000000085400000| Untracked 
|  73|0x0000000085500000, 0x0000000085500000, 0x0000000085600000|  0%| F|  |TAMS 0x0000000085500000, 0x0000000085500000| Untracked 
|  74|0x0000000085600000, 0x0000000085600000, 0x0000000085700000|  0%| F|  |TAMS 0x0000000085600000, 0x0000000085600000| Untracked 
|  75|0x0000000085700000, 0x0000000085700000, 0x0000000085800000|  0%| F|  |TAMS 0x0000000085700000, 0x0000000085700000| Untracked 
|  76|0x0000000085800000, 0x0000000085800000, 0x0000000085900000|  0%| F|  |TAMS 0x0000000085800000, 0x0000000085800000| Untracked 
|  77|0x0000000085900000, 0x0000000085980800, 0x0000000085a00000| 50%| E|  |TAMS 0x0000000085900000, 0x0000000085900000| Complete 
|  78|0x0000000085a00000, 0x0000000085b00000, 0x0000000085b00000|100%| E|CS|TAMS 0x0000000085a00000, 0x0000000085a00000| Complete 
|  79|0x0000000085b00000, 0x0000000085c00000, 0x0000000085c00000|100%| E|CS|TAMS 0x0000000085b00000, 0x0000000085b00000| Complete 
|  80|0x0000000085c00000, 0x0000000085d00000, 0x0000000085d00000|100%| E|CS|TAMS 0x0000000085c00000, 0x0000000085c00000| Complete 
|  81|0x0000000085d00000, 0x0000000085e00000, 0x0000000085e00000|100%| E|CS|TAMS 0x0000000085d00000, 0x0000000085d00000| Complete 
|  82|0x0000000085e00000, 0x0000000085f00000, 0x0000000085f00000|100%| E|CS|TAMS 0x0000000085e00000, 0x0000000085e00000| Complete 
|  83|0x0000000085f00000, 0x0000000086000000, 0x0000000086000000|100%| E|CS|TAMS 0x0000000085f00000, 0x0000000085f00000| Complete 
|  84|0x0000000086000000, 0x0000000086100000, 0x0000000086100000|100%| E|CS|TAMS 0x0000000086000000, 0x0000000086000000| Complete 
|  85|0x0000000086100000, 0x0000000086200000, 0x0000000086200000|100%| E|CS|TAMS 0x0000000086100000, 0x0000000086100000| Complete 
|  86|0x0000000086200000, 0x0000000086300000, 0x0000000086300000|100%| E|CS|TAMS 0x0000000086200000, 0x0000000086200000| Complete 
|  87|0x0000000086300000, 0x0000000086400000, 0x0000000086400000|100%| E|CS|TAMS 0x0000000086300000, 0x0000000086300000| Complete 
|  88|0x0000000086400000, 0x0000000086500000, 0x0000000086500000|100%| E|CS|TAMS 0x0000000086400000, 0x0000000086400000| Complete 
|  89|0x0000000086500000, 0x0000000086600000, 0x0000000086600000|100%| E|CS|TAMS 0x0000000086500000, 0x0000000086500000| Complete 
|  90|0x0000000086600000, 0x0000000086700000, 0x0000000086700000|100%| E|CS|TAMS 0x0000000086600000, 0x0000000086600000| Complete 
|  91|0x0000000086700000, 0x0000000086800000, 0x0000000086800000|100%| E|CS|TAMS 0x0000000086700000, 0x0000000086700000| Complete 
|  92|0x0000000086800000, 0x0000000086900000, 0x0000000086900000|100%| E|CS|TAMS 0x0000000086800000, 0x0000000086800000| Complete 
|  93|0x0000000086900000, 0x0000000086a00000, 0x0000000086a00000|100%| E|CS|TAMS 0x0000000086900000, 0x0000000086900000| Complete 
|  94|0x0000000086a00000, 0x0000000086b00000, 0x0000000086b00000|100%| E|CS|TAMS 0x0000000086a00000, 0x0000000086a00000| Complete 
|  95|0x0000000086b00000, 0x0000000086c00000, 0x0000000086c00000|100%| E|CS|TAMS 0x0000000086b00000, 0x0000000086b00000| Complete 
|  96|0x0000000086c00000, 0x0000000086d00000, 0x0000000086d00000|100%| E|CS|TAMS 0x0000000086c00000, 0x0000000086c00000| Complete 
|  97|0x0000000086d00000, 0x0000000086e00000, 0x0000000086e00000|100%| E|CS|TAMS 0x0000000086d00000, 0x0000000086d00000| Complete 
|  98|0x0000000086e00000, 0x0000000086f00000, 0x0000000086f00000|100%| E|CS|TAMS 0x0000000086e00000, 0x0000000086e00000| Complete 
|  99|0x0000000086f00000, 0x0000000087000000, 0x0000000087000000|100%| E|CS|TAMS 0x0000000086f00000, 0x0000000086f00000| Complete 
| 100|0x0000000087000000, 0x0000000087100000, 0x0000000087100000|100%| E|CS|TAMS 0x0000000087000000, 0x0000000087000000| Complete 
| 101|0x0000000087100000, 0x0000000087200000, 0x0000000087200000|100%| E|CS|TAMS 0x0000000087100000, 0x0000000087100000| Complete 
| 102|0x0000000087200000, 0x0000000087300000, 0x0000000087300000|100%| E|CS|TAMS 0x0000000087200000, 0x0000000087200000| Complete 
| 103|0x0000000087300000, 0x0000000087400000, 0x0000000087400000|100%| E|CS|TAMS 0x0000000087300000, 0x0000000087300000| Complete 
| 104|0x0000000087400000, 0x0000000087500000, 0x0000000087500000|100%| E|CS|TAMS 0x0000000087400000, 0x0000000087400000| Complete 
| 105|0x0000000087500000, 0x0000000087600000, 0x0000000087600000|100%| E|CS|TAMS 0x0000000087500000, 0x0000000087500000| Complete 
| 106|0x0000000087600000, 0x0000000087700000, 0x0000000087700000|100%| E|CS|TAMS 0x0000000087600000, 0x0000000087600000| Complete 
| 107|0x0000000087700000, 0x0000000087800000, 0x0000000087800000|100%| E|CS|TAMS 0x0000000087700000, 0x0000000087700000| Complete 
| 108|0x0000000087800000, 0x0000000087900000, 0x0000000087900000|100%| E|CS|TAMS 0x0000000087800000, 0x0000000087800000| Complete 
| 109|0x0000000087900000, 0x0000000087a00000, 0x0000000087a00000|100%| E|CS|TAMS 0x0000000087900000, 0x0000000087900000| Complete 
| 110|0x0000000087a00000, 0x0000000087b00000, 0x0000000087b00000|100%| E|CS|TAMS 0x0000000087a00000, 0x0000000087a00000| Complete 
| 111|0x0000000087b00000, 0x0000000087c00000, 0x0000000087c00000|100%| E|CS|TAMS 0x0000000087b00000, 0x0000000087b00000| Complete 
| 112|0x0000000087c00000, 0x0000000087c21098, 0x0000000087d00000| 12%| S|CS|TAMS 0x0000000087c00000, 0x0000000087c00000| Complete 
| 113|0x0000000087d00000, 0x0000000087e00000, 0x0000000087e00000|100%| S|CS|TAMS 0x0000000087d00000, 0x0000000087d00000| Complete 
| 114|0x0000000087e00000, 0x0000000087f00000, 0x0000000087f00000|100%| E|CS|TAMS 0x0000000087e00000, 0x0000000087e00000| Complete 
| 115|0x0000000087f00000, 0x0000000088000000, 0x0000000088000000|100%| E|CS|TAMS 0x0000000087f00000, 0x0000000087f00000| Complete 
| 116|0x0000000088000000, 0x0000000088100000, 0x0000000088100000|100%| E|CS|TAMS 0x0000000088000000, 0x0000000088000000| Complete 
| 117|0x0000000088100000, 0x0000000088200000, 0x0000000088200000|100%| E|CS|TAMS 0x0000000088100000, 0x0000000088100000| Complete 
| 118|0x0000000088200000, 0x0000000088300000, 0x0000000088300000|100%| E|CS|TAMS 0x0000000088200000, 0x0000000088200000| Complete 
| 119|0x0000000088300000, 0x0000000088400000, 0x0000000088400000|100%| E|CS|TAMS 0x0000000088300000, 0x0000000088300000| Complete 
| 120|0x0000000088400000, 0x0000000088500000, 0x0000000088500000|100%| E|CS|TAMS 0x0000000088400000, 0x0000000088400000| Complete 
| 121|0x0000000088500000, 0x0000000088600000, 0x0000000088600000|100%| E|CS|TAMS 0x0000000088500000, 0x0000000088500000| Complete 
| 122|0x0000000088600000, 0x0000000088700000, 0x0000000088700000|100%| E|CS|TAMS 0x0000000088600000, 0x0000000088600000| Complete 
| 123|0x0000000088700000, 0x0000000088800000, 0x0000000088800000|100%| E|CS|TAMS 0x0000000088700000, 0x0000000088700000| Complete 
| 124|0x0000000088800000, 0x0000000088900000, 0x0000000088900000|100%| E|CS|TAMS 0x0000000088800000, 0x0000000088800000| Complete 
| 125|0x0000000088900000, 0x0000000088a00000, 0x0000000088a00000|100%| E|CS|TAMS 0x0000000088900000, 0x0000000088900000| Complete 
| 126|0x0000000088a00000, 0x0000000088b00000, 0x0000000088b00000|100%| E|CS|TAMS 0x0000000088a00000, 0x0000000088a00000| Complete 
| 127|0x0000000088b00000, 0x0000000088c00000, 0x0000000088c00000|100%| E|CS|TAMS 0x0000000088b00000, 0x0000000088b00000| Complete 

Card table byte_map: [0x0000018bc99b0000,0x0000018bc9db0000] _byte_map_base: 0x0000018bc95aa000

Marking Bits (Prev, Next): (CMBitMap*) 0x0000018bb8ad7938, (CMBitMap*) 0x0000018bb8ad7978
 Prev Bits: [0x0000018bca1b0000, 0x0000018bcc180000)
 Next Bits: [0x0000018bcc180000, 0x0000018bce150000)

Polling page: 0x0000018bb8260000

Metaspace:

Usage:
  Non-class:      6.30 MB capacity,     6.05 MB ( 96%) used,   231.60 KB (  4%) free+waste,    25.38 KB ( <1%) overhead. 
      Class:    797.00 KB capacity,   660.81 KB ( 83%) used,   124.38 KB ( 16%) free+waste,    11.81 KB (  1%) overhead. 
       Both:      7.08 MB capacity,     6.70 MB ( 95%) used,   355.98 KB (  5%) free+waste,    37.19 KB ( <1%) overhead. 

Virtual space:
  Non-class space:        8.00 MB reserved,       6.50 MB ( 81%) committed 
      Class space:        1.00 GB reserved,     896.00 KB ( <1%) committed 
             Both:        1.01 GB reserved,       7.38 MB ( <1%) committed 

Chunk freelists:
   Non-Class:  10.00 KB
       Class:  3.00 KB
        Both:  13.00 KB

MaxMetaspaceSize: 17179869184.00 GB
CompressedClassSpaceSize: 1.00 GB

CodeHeap 'non-profiled nmethods': size=120064Kb used=532Kb max_used=532Kb free=119531Kb
 bounds [0x0000018bc2070000, 0x0000018bc22e0000, 0x0000018bc95b0000]
CodeHeap 'profiled nmethods': size=120000Kb used=2133Kb max_used=2133Kb free=117866Kb
 bounds [0x0000018bbab40000, 0x0000018bbadb0000, 0x0000018bc2070000]
CodeHeap 'non-nmethods': size=5696Kb used=1135Kb max_used=1168Kb free=4560Kb
 bounds [0x0000018bba5b0000, 0x0000018bba820000, 0x0000018bbab40000]
 total_blobs=1966 nmethods=1005 adapters=272
 compilation: enabled
              stopped_count=0, restarted_count=0
 full_count=0

Compilation events (20 events):
Event: 0.773 Thread 0x0000018bd0fce000  999       4       figures.Bishop::validMove4 (64 bytes)
Event: 0.775 Thread 0x0000018bd0fce000 nmethod 999 0x0000018bc20ed090 code [0x0000018bc20ed220, 0x0000018bc20ed428]
Event: 0.790 Thread 0x0000018bd0fd3000 1000       3       game.Board::checkCheck (165 bytes)
Event: 0.791 Thread 0x0000018bd0fd3000 nmethod 1000 0x0000018bbad54090 code [0x0000018bbad542a0, 0x0000018bbad54a40]
Event: 0.794 Thread 0x0000018bd0fce000 1001       4       game.Figures::hasPossibleMove (222 bytes)
Event: 0.819 Thread 0x0000018bd0fce000 nmethod 1001 0x0000018bc20ed590 code [0x0000018bc20ed820, 0x0000018bc20eeee8]
Event: 0.819 Thread 0x0000018bd0fce000 1002 %     4       game.Board::checkCheck @ 37 (165 bytes)
Event: 0.826 Thread 0x0000018bd0fce000 nmethod 1002% 0x0000018bc20efe90 code [0x0000018bc20f0080, 0x0000018bc20f08d8]
Event: 0.827 Thread 0x0000018bd0fce000 1003       4       game.Board::checkCheck (165 bytes)
Event: 0.834 Thread 0x0000018bd0fce000 nmethod 1003 0x0000018bc20f1190 code [0x0000018bc20f1360, 0x0000018bc20f1b58]
Event: 0.845 Thread 0x0000018bd0fce000 1004       4       figures.Pawn::validMove1 (197 bytes)
Event: 0.858 Thread 0x0000018bd0fce000 nmethod 1004 0x0000018bc20f2210 code [0x0000018bc20f24e0, 0x0000018bc20f3230]
Event: 0.858 Thread 0x0000018bd0fce000 1006       4       figures.Pawn::validMove3_2 (78 bytes)
Event: 0.862 Thread 0x0000018bd0fce000 nmethod 1006 0x0000018bc20f4010 code [0x0000018bc20f41e0, 0x0000018bc20f4658]
Event: 0.862 Thread 0x0000018bd0fce000 1005       4       figures.Pawn::validMove6 (91 bytes)
Event: 0.863 Thread 0x0000018bd0fce000 nmethod 1005 0x0000018bc20f4a90 code [0x0000018bc20f4c20, 0x0000018bc20f4d78]
Event: 0.868 Thread 0x0000018bd0fce000 1007       4       figures.Bishop::checkNumb (122 bytes)
Event: 0.869 Thread 0x0000018bd0fce000 nmethod 1007 0x0000018bc20f4f10 code [0x0000018bc20f50a0, 0x0000018bc20f5238]
Event: 0.876 Thread 0x0000018bd0fd3000 1008       3       figures.Bishop::validMove4 (64 bytes)
Event: 0.876 Thread 0x0000018bd0fd3000 nmethod 1008 0x0000018bbad54d10 code [0x0000018bbad54ee0, 0x0000018bbad55350]

GC Heap History (2 events):
Event: 0.378 GC heap before
{Heap before GC invocations=0 (full 0):
 garbage-first heap   total 131072K, used 14336K [0x0000000080c00000, 0x0000000100000000)
  region size 1024K, 14 young (14336K), 0 survivors (0K)
 Metaspace       used 6598K, capacity 6940K, committed 7040K, reserved 1056768K
  class space    used 660K, capacity 797K, committed 896K, reserved 1048576K
}
Event: 0.381 GC heap after
{Heap after GC invocations=1 (full 0):
 garbage-first heap   total 131072K, used 1156K [0x0000000080c00000, 0x0000000100000000)
  region size 1024K, 2 young (2048K), 2 survivors (2048K)
 Metaspace       used 6598K, capacity 6940K, committed 7040K, reserved 1056768K
  class space    used 660K, capacity 797K, committed 896K, reserved 1048576K
}

Deoptimization events (20 events):
Event: 0.863 Thread 0x0000018bb8a94800 Uncommon trap: trap_request=0xffffffde fr.pc=0x0000018bc20f2e04 relative=0x0000000000000924
Event: 0.863 Thread 0x0000018bb8a94800 Uncommon trap: reason=class_check action=maybe_recompile pc=0x0000018bc20f2e04 method=figures.Pawn.validMove6(Lgame/Board;II)Z @ 73 c2
Event: 0.863 Thread 0x0000018bb8a94800 DEOPT PACKING pc=0x0000018bc20f2e04 sp=0x0000008719bff110
Event: 0.863 Thread 0x0000018bb8a94800 DEOPT UNPACKING pc=0x0000018bba5f912f sp=0x0000008719bfedd0 mode 2
Event: 0.871 Thread 0x0000018bb8a94800 Uncommon trap: trap_request=0xffffff45 fr.pc=0x0000018bc20ed354 relative=0x0000000000000134
Event: 0.871 Thread 0x0000018bb8a94800 Uncommon trap: reason=unstable_if action=reinterpret pc=0x0000018bc20ed354 method=figures.Bishop.checkNumb(IIII)Z @ 33 c2
Event: 0.871 Thread 0x0000018bb8a94800 DEOPT PACKING pc=0x0000018bc20ed354 sp=0x0000008719bfef30
Event: 0.871 Thread 0x0000018bb8a94800 DEOPT UNPACKING pc=0x0000018bba5f912f sp=0x0000008719bfee30 mode 2
Event: 0.875 Thread 0x0000018bb8a94800 Uncommon trap: trap_request=0xffffffde fr.pc=0x0000018bc20f2e04 relative=0x0000000000000924
Event: 0.875 Thread 0x0000018bb8a94800 Uncommon trap: reason=class_check action=maybe_recompile pc=0x0000018bc20f2e04 method=figures.Pawn.validMove6(Lgame/Board;II)Z @ 73 c2
Event: 0.875 Thread 0x0000018bb8a94800 DEOPT PACKING pc=0x0000018bc20f2e04 sp=0x0000008719bff110
Event: 0.875 Thread 0x0000018bb8a94800 DEOPT UNPACKING pc=0x0000018bba5f912f sp=0x0000008719bfedd0 mode 2
Event: 0.876 Thread 0x0000018bb8a94800 Uncommon trap: trap_request=0xffffffc6 fr.pc=0x0000018bc20f2e78 relative=0x0000000000000998
Event: 0.876 Thread 0x0000018bb8a94800 Uncommon trap: reason=bimorphic_or_optimized_type_check action=maybe_recompile pc=0x0000018bc20f2e78 method=figures.Pawn.validMove5(Lgame/Board;II)Z @ 73 c2
Event: 0.876 Thread 0x0000018bb8a94800 DEOPT PACKING pc=0x0000018bc20f2e78 sp=0x0000008719bff0c0
Event: 0.876 Thread 0x0000018bb8a94800 DEOPT UNPACKING pc=0x0000018bba5f912f sp=0x0000008719bfedf8 mode 2
Event: 0.878 Thread 0x0000018bb8a94800 Uncommon trap: trap_request=0xffffffc6 fr.pc=0x0000018bc20f2e78 relative=0x0000000000000998
Event: 0.878 Thread 0x0000018bb8a94800 Uncommon trap: reason=bimorphic_or_optimized_type_check action=maybe_recompile pc=0x0000018bc20f2e78 method=figures.Pawn.validMove5(Lgame/Board;II)Z @ 73 c2
Event: 0.878 Thread 0x0000018bb8a94800 DEOPT PACKING pc=0x0000018bc20f2e78 sp=0x0000008719bff0c0
Event: 0.878 Thread 0x0000018bb8a94800 DEOPT UNPACKING pc=0x0000018bba5f912f sp=0x0000008719bfedf8 mode 2

Classes unloaded (0 events):
No events

Classes redefined (0 events):
No events

Internal exceptions (8 events):
Event: 0.135 Thread 0x0000018bb8a94800 Exception <a 'java/lang/NoSuchMethodError'{0x0000000088a99a18}: 'java.lang.Object java.lang.invoke.DirectMethodHandle$Holder.invokeStatic(java.lang.Object, java.lang.Object, java.lang.Object, java.lang.Object, java.lang.Object, java.lang.Object, java.lang.Object, java.lang.Object, java.lang.Object, java.lang.Object, java.lang.Object, java.lang.Object, java.lang.Object, java.lang.Object, java.lang.Object)'> (0x0000000088a99a18) 
thrown [t:/workspace/open/src/hotspot/share/interpreter/linkResolver.cpp, line 
Event: 0.137 Thread 0x0000018bb8a94800 Exception <a 'java/lang/NoSuchMethodError'{0x0000000088aa9bb0}: 'java.lang.Object java.lang.invoke.DirectMethodHandle$Holder.invokeStatic(java.lang.Object, java.lang.Object, java.lang.Object, java.lang.Object, java.lang.Object, java.lang.Object, java.lang.Object, java.lang.Object, java.lang.Object, java.lang.Object, java.lang.Object, java.lang.Object, java.lang.Object, java.lang.Object, java.lang.Object, java.lang.Object)'> (0x0000000088aa9bb0) 
thrown [t:/workspace/open/src/hotspot/share/interpreter/linkR
Event: 0.139 Thread 0x0000018bb8a94800 Exception <a 'java/lang/NoSuchMethodError'{0x0000000088ac7198}: 'java.lang.Object java.lang.invoke.DelegatingMethodHandle$Holder.reinvoke_L(java.lang.Object, java.lang.Object, long, java.lang.Object, java.lang.Object, java.lang.Object, java.lang.Object, java.lang.Object, java.lang.Object, java.lang.Object, java.lang.Object, java.lang.Object, java.lang.Object, java.lang.Object, java.lang.Object, java.lang.Object, java.lang.Object, java.lang.Object, java.lang.Object, java.lang.Object, java.lang.Object, java.
Event: 0.176 Thread 0x0000018bb8a94800 Exception <a 'java/lang/NoSuchMethodError'{0x0000000088728400}: 'java.lang.Object java.lang.invoke.DirectMethodHandle$Holder.invokeSpecial(java.lang.Object, java.lang.Object, long, java.lang.Object, java.lang.Object, java.lang.Object, java.lang.Object, java.lang.Object, java.lang.Object, java.lang.Object, java.lang.Object, java.lang.Object, java.lang.Object, java.lang.Object, java.lang.Object, java.lang.Object, java.lang.Object, java.lang.Object, java.lang.Object, java.lang.Object, java.lang.Object, java.l
Event: 0.176 Thread 0x0000018bb8a94800 Exception <a 'java/lang/NoSuchMethodError'{0x0000000088732508}: 'java.lang.Object java.lang.invoke.DelegatingMethodHandle$Holder.reinvoke_L(java.lang.Object, long, java.lang.Object, java.lang.Object, java.lang.Object, java.lang.Object, java.lang.Object, java.lang.Object, java.lang.Object, java.lang.Object, java.lang.Object, java.lang.Object, java.lang.Object, java.lang.Object, java.lang.Object, java.lang.Object, java.lang.Object, java.lang.Object, java.lang.Object, java.lang.Object, java.lang.Object, java.
Event: 0.202 Thread 0x0000018bb8a94800 Exception <a 'java/lang/NoSuchMethodError'{0x00000000885973e0}: 'java.lang.Object java.lang.invoke.DelegatingMethodHandle$Holder.reinvoke_L(java.lang.Object, java.lang.Object, java.lang.Object, java.lang.Object, java.lang.Object, java.lang.Object, java.lang.Object, java.lang.Object, java.lang.Object, java.lang.Object, java.lang.Object, java.lang.Object, java.lang.Object, java.lang.Object, java.lang.Object, java.lang.Object, java.lang.Object, java.lang.Object, java.lang.Object, java.lang.Object, java.lang.O
Event: 0.203 Thread 0x0000018bb8a94800 Exception <a 'java/lang/NoSuchMethodError'{0x00000000885a1c38}: 'java.lang.Object java.lang.invoke.Invokers$Holder.linkToTargetMethod(java.lang.Object, java.lang.Object, java.lang.Object, java.lang.Object, java.lang.Object, java.lang.Object, java.lang.Object, java.lang.Object, java.lang.Object, java.lang.Object, java.lang.Object, java.lang.Object, java.lang.Object, java.lang.Object, java.lang.Object, java.lang.Object, java.lang.Object, java.lang.Object, java.lang.Object, java.lang.Object, java.lang.Object,
Event: 0.210 Thread 0x0000018bb8a94800 Exception <a 'java/lang/NoSuchMethodError'{0x00000000885baa98}: 'int java.lang.invoke.DirectMethodHandle$Holder.invokeSpecialIFC(java.lang.Object, java.lang.Object, int)'> (0x00000000885baa98) 
thrown [t:/workspace/open/src/hotspot/share/interpreter/linkResolver.cpp, line 767]

Events (20 events):
Event: 0.232 loading class java/text/FieldPosition
Event: 0.232 loading class java/text/FieldPosition done
Event: 0.232 loading class java/text/DigitList
Event: 0.232 loading class java/text/DigitList done
Event: 0.232 loading class java/math/RoundingMode
Event: 0.232 loading class java/math/RoundingMode done
Event: 0.233 loading class java/util/regex/Pattern$GroupTail
Event: 0.233 loading class java/util/regex/Pattern$GroupTail done
Event: 0.234 loading class java/util/regex/Pattern$BranchConn
Event: 0.234 loading class java/util/regex/Pattern$BranchConn done
Event: 0.234 loading class java/util/regex/Pattern$Branch
Event: 0.234 loading class java/util/regex/Pattern$Branch done
Event: 0.234 loading class java/util/regex/Pattern$Dollar
Event: 0.234 loading class java/util/regex/Pattern$Dollar done
Event: 0.234 loading class java/util/regex/Matcher$ImmutableMatchResult
Event: 0.234 loading class java/util/regex/Matcher$ImmutableMatchResult done
Event: 0.241 loading class java/lang/StackTraceElement$HashedModules
Event: 0.242 loading class java/lang/StackTraceElement$HashedModules done
Event: 0.378 Executing VM operation: G1CollectForAllocation
Event: 0.381 Executing VM operation: G1CollectForAllocation done


Dynamic libraries:
0x00007ff77d0b0000 - 0x00007ff77d0bf000 	D:\Martin\EclipseProjects\Schachprojekt\schach\schach\target\schach\bin\java.exe
0x00007ffa86aa0000 - 0x00007ffa86c90000 	C:\WINDOWS\SYSTEM32\ntdll.dll
0x00007ffa85410000 - 0x00007ffa854c2000 	C:\WINDOWS\System32\KERNEL32.DLL
0x00007ffa84700000 - 0x00007ffa849a4000 	C:\WINDOWS\System32\KERNELBASE.dll
0x00007ffa83c30000 - 0x00007ffa83d2a000 	C:\WINDOWS\System32\ucrtbase.dll
0x00007ffa691a0000 - 0x00007ffa691b8000 	D:\Martin\EclipseProjects\Schachprojekt\schach\schach\target\schach\bin\jli.dll
0x00007ffa5ec80000 - 0x00007ffa5ec95000 	D:\Martin\EclipseProjects\Schachprojekt\schach\schach\target\schach\bin\VCRUNTIME140.dll
0x00007ffa84d20000 - 0x00007ffa84dc3000 	C:\WINDOWS\System32\ADVAPI32.dll
0x00007ffa85b10000 - 0x00007ffa85bae000 	C:\WINDOWS\System32\msvcrt.dll
0x00007ffa85960000 - 0x00007ffa859f7000 	C:\WINDOWS\System32\sechost.dll
0x00007ffa84be0000 - 0x00007ffa84d00000 	C:\WINDOWS\System32\RPCRT4.dll
0x00007ffa86790000 - 0x00007ffa86924000 	C:\WINDOWS\System32\USER32.dll
0x00007ffa84a50000 - 0x00007ffa84a71000 	C:\WINDOWS\System32\win32u.dll
0x00007ffa7a670000 - 0x00007ffa7a8f4000 	C:\WINDOWS\WinSxS\amd64_microsoft.windows.common-controls_6595b64144ccf1df_6.0.18362.836_none_e6c4b943130f18ed\COMCTL32.dll
0x00007ffa865b0000 - 0x00007ffa865d6000 	C:\WINDOWS\System32\GDI32.dll
0x00007ffa84f80000 - 0x00007ffa852b6000 	C:\WINDOWS\System32\combase.dll
0x00007ffa83d30000 - 0x00007ffa83ec4000 	C:\WINDOWS\System32\gdi32full.dll
0x00007ffa83a30000 - 0x00007ffa83ab0000 	C:\WINDOWS\System32\bcryptPrimitives.dll
0x00007ffa849b0000 - 0x00007ffa84a4e000 	C:\WINDOWS\System32\msvcp_win.dll
0x00007ffa81cd0000 - 0x00007ffa81cda000 	C:\WINDOWS\SYSTEM32\VERSION.dll
0x00007ffa84bb0000 - 0x00007ffa84bde000 	C:\WINDOWS\System32\IMM32.DLL
0x00007ffa547d0000 - 0x00007ffa5486b000 	D:\Martin\EclipseProjects\Schachprojekt\schach\schach\target\schach\bin\msvcp140.dll
0x00007ffa32e80000 - 0x00007ffa339e6000 	D:\Martin\EclipseProjects\Schachprojekt\schach\schach\target\schach\bin\server\jvm.dll
0x00007ffa84d10000 - 0x00007ffa84d18000 	C:\WINDOWS\System32\PSAPI.DLL
0x00007ffa81410000 - 0x00007ffa81434000 	C:\WINDOWS\SYSTEM32\WINMM.dll
0x00007ffa81dc0000 - 0x00007ffa81dc9000 	C:\WINDOWS\SYSTEM32\WSOCK32.dll
0x00007ffa84dd0000 - 0x00007ffa84e3f000 	C:\WINDOWS\System32\WS2_32.dll
0x00007ffa80f90000 - 0x00007ffa80fbd000 	C:\WINDOWS\SYSTEM32\WINMMBASE.dll
0x00007ffa84ae0000 - 0x00007ffa84b2a000 	C:\WINDOWS\System32\cfgmgr32.dll
0x00007ffa839f0000 - 0x00007ffa83a01000 	C:\WINDOWS\System32\kernel.appcore.dll
0x00007ffa74140000 - 0x00007ffa74150000 	D:\Martin\EclipseProjects\Schachprojekt\schach\schach\target\schach\bin\verify.dll
0x00007ffa73950000 - 0x00007ffa73b44000 	C:\WINDOWS\SYSTEM32\DBGHELP.DLL
0x00007ffa73910000 - 0x00007ffa7393a000 	C:\WINDOWS\SYSTEM32\dbgcore.DLL
0x00007ffa5e1c0000 - 0x00007ffa5e1e6000 	D:\Martin\EclipseProjects\Schachprojekt\schach\schach\target\schach\bin\java.dll
0x00007ffa5ec60000 - 0x00007ffa5ec77000 	D:\Martin\EclipseProjects\Schachprojekt\schach\schach\target\schach\bin\zip.dll
0x00007ffa73940000 - 0x00007ffa7394a000 	D:\Martin\EclipseProjects\Schachprojekt\schach\schach\target\schach\bin\jimage.dll
0x00007ffa85c90000 - 0x00007ffa86374000 	C:\WINDOWS\System32\SHELL32.dll
0x00007ffa869a0000 - 0x00007ffa86a49000 	C:\WINDOWS\System32\shcore.dll
0x00007ffa83ed0000 - 0x00007ffa8464e000 	C:\WINDOWS\System32\windows.storage.dll
0x00007ffa83970000 - 0x00007ffa83993000 	C:\WINDOWS\System32\profapi.dll
0x00007ffa839a0000 - 0x00007ffa839ea000 	C:\WINDOWS\System32\powrprof.dll
0x00007ffa83960000 - 0x00007ffa83970000 	C:\WINDOWS\System32\UMPDC.dll
0x00007ffa85ab0000 - 0x00007ffa85b02000 	C:\WINDOWS\System32\shlwapi.dll
0x00007ffa84b30000 - 0x00007ffa84b47000 	C:\WINDOWS\System32\cryptsp.dll

dbghelp: loaded successfully - version: 4.0.5 - missing functions: none
symbol engine: initialized successfully - sym options: 0x614 - pdb path: .;D:\Martin\EclipseProjects\Schachprojekt\schach\schach\target\schach\bin;C:\WINDOWS\SYSTEM32;C:\WINDOWS\WinSxS\amd64_microsoft.windows.common-controls_6595b64144ccf1df_6.0.18362.836_none_e6c4b943130f18ed;D:\Martin\EclipseProjects\Schachprojekt\schach\schach\target\schach\bin\server

VM Arguments:
jvm_args: -Djdk.module.main=schach 
java_command: schach/schach.Main --no-gui
java_class_path (initial): C:\Program Files\Java\jdk-13.0.1\lib
Launcher Type: SUN_STANDARD

[Global flags]
     intx CICompilerCount                          = 3                                         {product} {ergonomic}
     uint ConcGCThreads                            = 1                                         {product} {ergonomic}
     uint G1ConcRefinementThreads                  = 4                                         {product} {ergonomic}
   size_t G1HeapRegionSize                         = 1048576                                   {product} {ergonomic}
    uintx GCDrainStackTargetSize                   = 64                                        {product} {ergonomic}
   size_t InitialHeapSize                          = 134217728                                 {product} {ergonomic}
   size_t MarkStackSize                            = 4194304                                   {product} {ergonomic}
   size_t MaxHeapSize                              = 2134900736                                {product} {ergonomic}
   size_t MaxNewSize                               = 1280311296                                {product} {ergonomic}
   size_t MinHeapDeltaBytes                        = 1048576                                   {product} {ergonomic}
   size_t MinHeapSize                              = 8388608                                   {product} {ergonomic}
    uintx NonNMethodCodeHeapSize                   = 5830732                                {pd product} {ergonomic}
    uintx NonProfiledCodeHeapSize                  = 122913754                              {pd product} {ergonomic}
    uintx ProfiledCodeHeapSize                     = 122913754                              {pd product} {ergonomic}
    uintx ReservedCodeCacheSize                    = 251658240                              {pd product} {ergonomic}
     bool SegmentedCodeCache                       = true                                      {product} {ergonomic}
   size_t SoftMaxHeapSize                          = 2134900736                             {manageable} {ergonomic}
     bool UseCompressedClassPointers               = true                                 {lp64_product} {ergonomic}
     bool UseCompressedOops                        = true                                 {lp64_product} {ergonomic}
     bool UseG1GC                                  = true                                      {product} {ergonomic}
     bool UseLargePagesIndividualAllocation        = false                                  {pd product} {ergonomic}

Logging:
Log output configuration:
 #0: stdout all=warning uptime,level,tags
 #1: stderr all=off uptime,level,tags

Environment Variables:
JAVA_HOME=C:\Program Files\Java\jdk-13.0.1
JRE_HOME=C:\Program Files\Java\jdk-13.0.1
CLASSPATH=C:\Program Files\Java\jdk-13.0.1\lib
PATH=D:\Intel Parallel\Intel Parallel Studio XE\compilers_and_libraries_2020.1.216\windows\mpi\intel64\bin;C:\Program Files (x86)\Common Files\Intel\Shared Libraries\redist\intel64_win\mpirt;C:\Program Files (x86)\Common Files\Intel\Shared Libraries\redist\ia32_win\mpirt;C:\Program Files (x86)\Common Files\Intel\Shared Libraries\redist\intel64_win\compiler;C:\Program Files (x86)\Common Files\Intel\Shared Libraries\redist\ia32_win\compiler;D:\Perl\site\bin;D:\Perl\bin;C:\Program Files\Java\jdk-13.0.1\bin;D:\matlab3\bin;D:\matlab\runtime\win64;D:\matlab\bin;D:\matlab\polyspace\bin;C:\Program Files\NVIDIA Corporation\NVIDIA NvDLISR;C:\Program Files (x86)\NVIDIA Corporation\PhysX\Common;D:\MikTex\miktex\bin\x64\;D:\Tex\texlive\2020\bin\win32;D:\Strawberry\c\bin;D:\Strawberry\perl\site\bin;D:\Strawberry\perl\bin;C:\Program Files\PuTTY\;D:\Martin\EclipseProjects\apache-maven-3.6.3\bin;C:\Windows\System32\
USERNAME=marti
OS=Windows_NT
PROCESSOR_IDENTIFIER=Intel64 Family 6 Model 42 Stepping 7, GenuineIntel



---------------  S Y S T E M  ---------------

OS: Windows 10 , 64 bit Build 18362 (10.0.18362.778)

CPU:total 4 (initial active 4) (4 cores per cpu, 1 threads per core) family 6 model 42 stepping 7, cmov, cx8, fxsr, mmx, sse, sse2, sse3, ssse3, sse4.1, sse4.2, popcnt, avx, aes, clmul, tsc, tscinvbit

Memory: 4k page, system-wide physical 8140M (1500M free)
TotalPageFile size 18200M (AvailPageFile size 5126M)
current process WorkingSet (physical memory assigned to process): 198M, peak: 198M
current process commit charge ("private bytes"): 318M, peak: 318M

vm_info: Java HotSpot(TM) 64-Bit Server VM (13.0.1+9) for windows-amd64 JRE (13.0.1+9), built on Oct  6 2019 12:37:49 by "mach5one" with unknown MS VC++:1916

END.
